<?xml version="1.0" encoding="UTF-8"?>
<robot generator="Robot 5.0.1 (Python 3.10.4 on linux)" generated="20220630 13:49:11.526" rpa="false" schemaversion="3">
<suite id="s1" name="Login Tests" source="/home/Andrejs.Kuidins/Downloads/WebDemo-master/login_tests">
<suite id="s1-s1" name="Enter Hours" source="/home/Andrejs.Kuidins/Downloads/WebDemo-master/login_tests/enter_hours.robot">
<test id="s1-s1-t1" name="Decrypt as Plugin" line="10">
<kw name="Open Browser" library="SeleniumLibrary">
<arg>https://ehourapp.com/login.html</arg>
<doc>Opens a new browser instance to the optional ``url``.</doc>
<msg timestamp="20220630 13:49:11.676" level="INFO">Opening browser 'firefox' to base url 'https://ehourapp.com/login.html'.</msg>
<msg timestamp="20220630 13:49:11.676" level="INFO">Firefox driver log is always forced to to: /home/Andrejs.Kuidins/Downloads/WebDemo-master/geckodriver-3.log</msg>
<status status="PASS" starttime="20220630 13:49:11.676" endtime="20220630 13:49:13.868"/>
</kw>
<kw name="Input Text" library="SeleniumLibrary">
<arg>username</arg>
<arg>andrejs.kuidins@1nce.com</arg>
<doc>Types the given ``text`` into the text field identified by ``locator``.</doc>
<msg timestamp="20220630 13:49:13.869" level="INFO">Typing text 'andrejs.kuidins@1nce.com' into text field 'username'.</msg>
<status status="PASS" starttime="20220630 13:49:13.869" endtime="20220630 13:49:13.900"/>
</kw>
<kw name="Input Password" library="SeleniumLibrary">
<arg>password</arg>
<arg>${Admins-Password}</arg>
<tag>plugin</tag>
<doc>Types the given password into the text field identified by ``locator``.</doc>
<msg timestamp="20220630 13:49:13.900" level="INFO">Typing password into text field 'password'.</msg>
<msg timestamp="20220630 13:49:14.238" level="INFO">Log level changed from NONE to INFO.</msg>
<status status="PASS" starttime="20220630 13:49:13.900" endtime="20220630 13:49:14.238"/>
</kw>
<kw name="Close Browser" library="SeleniumLibrary" type="TEARDOWN">
<doc>Closes the current browser.</doc>
<status status="PASS" starttime="20220630 13:49:14.238" endtime="20220630 13:49:14.589"/>
</kw>
<status status="PASS" starttime="20220630 13:49:11.675" endtime="20220630 13:49:14.589"/>
</test>
<status status="PASS" starttime="20220630 13:49:11.537" endtime="20220630 13:49:14.590"/>
</suite>
<suite id="s1-s2" name="Valid Login" source="/home/Andrejs.Kuidins/Downloads/WebDemo-master/login_tests/valid_login.robot">
<test id="s1-s2-t1" name="Valid Login" line="9">
<kw name="Open Browser To Login Page" library="resource">
<kw name="Open Browser" library="SeleniumLibrary">
<arg>${LOGIN URL}</arg>
<arg>${BROWSER}</arg>
<doc>Opens a new browser instance to the optional ``url``.</doc>
<msg timestamp="20220630 13:49:14.911" level="INFO">Opening browser 'Firefox' to base url 'https://ehourapp.com/login.html'.</msg>
<msg timestamp="20220630 13:49:14.912" level="INFO">Firefox driver log is always forced to to: /home/Andrejs.Kuidins/Downloads/WebDemo-master/geckodriver-4.log</msg>
<status status="PASS" starttime="20220630 13:49:14.911" endtime="20220630 13:49:17.220"/>
</kw>
<kw name="Maximize Browser Window" library="SeleniumLibrary">
<doc>Maximizes current browser window.</doc>
<status status="PASS" starttime="20220630 13:49:17.220" endtime="20220630 13:49:17.479"/>
</kw>
<kw name="Set Selenium Speed" library="SeleniumLibrary">
<arg>${DELAY}</arg>
<doc>Sets the delay that is waited after each Selenium command.</doc>
<status status="PASS" starttime="20220630 13:49:17.479" endtime="20220630 13:49:17.479"/>
</kw>
<kw name="Login Page Should Be Open" library="resource">
<kw name="Title Should Be" library="SeleniumLibrary">
<arg>eHour - Log in</arg>
<doc>Verifies that the current page title equals ``title``.</doc>
<msg timestamp="20220630 13:49:17.482" level="INFO">Page title is 'eHour - Log in'.</msg>
<status status="PASS" starttime="20220630 13:49:17.480" endtime="20220630 13:49:17.482"/>
</kw>
<status status="PASS" starttime="20220630 13:49:17.479" endtime="20220630 13:49:17.482"/>
</kw>
<status status="PASS" starttime="20220630 13:49:14.911" endtime="20220630 13:49:17.482"/>
</kw>
<kw name="Input Username" library="resource">
<arg>andrejs.kuidins@1nce.com</arg>
<kw name="Input Text" library="SeleniumLibrary">
<arg>username</arg>
<arg>${username}</arg>
<doc>Types the given ``text`` into the text field identified by ``locator``.</doc>
<msg timestamp="20220630 13:49:17.483" level="INFO">Typing text 'andrejs.kuidins@1nce.com' into text field 'username'.</msg>
<status status="PASS" starttime="20220630 13:49:17.483" endtime="20220630 13:49:17.515"/>
</kw>
<status status="PASS" starttime="20220630 13:49:17.482" endtime="20220630 13:49:17.515"/>
</kw>
<kw name="Input Password" library="resource">
<arg>${VALID PASSWORD}</arg>
<kw name="Input Text" library="SeleniumLibrary">
<arg>password</arg>
<arg>${password}</arg>
<doc>Types the given ``text`` into the text field identified by ``locator``.</doc>
<msg timestamp="20220630 13:49:17.516" level="INFO">Typing text '***' into text field 'password'.</msg>
<status status="PASS" starttime="20220630 13:49:17.515" endtime="20220630 13:49:17.525"/>
</kw>
<status status="PASS" starttime="20220630 13:49:17.515" endtime="20220630 13:49:17.525"/>
</kw>
<kw name="Submit Credentials" library="resource">
<kw name="Click Button" library="SeleniumLibrary">
<arg>submit</arg>
<doc>Clicks the button identified by ``locator``.</doc>
<msg timestamp="20220630 13:49:17.526" level="INFO">Clicking button 'submit'.</msg>
<status status="PASS" starttime="20220630 13:49:17.526" endtime="20220630 13:49:18.418"/>
</kw>
<status status="PASS" starttime="20220630 13:49:17.525" endtime="20220630 13:49:18.419"/>
</kw>
<kw name="Welcome Page Should Be Open" library="resource">
<kw name="Location Should Be" library="SeleniumLibrary">
<arg>${WELCOME URL}</arg>
<doc>Verifies that the current URL is exactly ``url``.</doc>
<msg timestamp="20220630 13:49:18.420" level="INFO">Current location is 'https://ehourapp.com/eh/track-hours'.</msg>
<status status="PASS" starttime="20220630 13:49:18.419" endtime="20220630 13:49:18.420"/>
</kw>
<kw name="Title Should Be" library="SeleniumLibrary">
<arg>Track your hours - eHour</arg>
<doc>Verifies that the current page title equals ``title``.</doc>
<msg timestamp="20220630 13:49:18.421" level="INFO">Page title is 'Track your hours - eHour'.</msg>
<status status="PASS" starttime="20220630 13:49:18.420" endtime="20220630 13:49:18.421"/>
</kw>
<status status="PASS" starttime="20220630 13:49:18.419" endtime="20220630 13:49:18.421"/>
</kw>
<kw name="Close Browser" library="SeleniumLibrary" type="TEARDOWN">
<doc>Closes the current browser.</doc>
<status status="PASS" starttime="20220630 13:49:18.421" endtime="20220630 13:49:18.769"/>
</kw>
<status status="PASS" starttime="20220630 13:49:14.908" endtime="20220630 13:49:18.769"/>
</test>
<doc>A test suite with a single test for valid login.

This test has a workflow that is created using keywords in
the imported resource file.</doc>
<status status="PASS" starttime="20220630 13:49:14.590" endtime="20220630 13:49:18.770"/>
</suite>
<status status="PASS" starttime="20220630 13:49:11.526" endtime="20220630 13:49:18.770"/>
</suite>
<statistics>
<total>
<stat pass="2" fail="0" skip="0">All Tests</stat>
</total>
<tag>
</tag>
<suite>
<stat pass="2" fail="0" skip="0" id="s1" name="Login Tests">Login Tests</stat>
<stat pass="1" fail="0" skip="0" id="s1-s1" name="Enter Hours">Login Tests.Enter Hours</stat>
<stat pass="1" fail="0" skip="0" id="s1-s2" name="Valid Login">Login Tests.Valid Login</stat>
</suite>
</statistics>
<errors>
</errors>
</robot>
